#
# A fatal error has been detected by the Java Runtime Environment:
#
#  EXCEPTION_ACCESS_VIOLATION (0xc0000005) at pc=0x0000000053015953, pid=6352, tid=4532
#
# JRE version: Java(TM) SE Runtime Environment (10.0.2+13) (build 10.0.2+13)
# Java VM: Java HotSpot(TM) 64-Bit Server VM (10.0.2+13, mixed mode, tiered, compressed oops, g1 gc, windows-amd64)
# Problematic frame:
# V  [jvm.dll+0x485953]
#
# No core dump will be written. Minidumps are not enabled by default on client versions of Windows
#
# If you would like to submit a bug report, please visit:
#   http://bugreport.java.com/bugreport/crash.jsp
#

---------------  S U M M A R Y ------------

Command Line: --add-opens=java.base/java.util=ALL-UNNAMED --add-opens=java.base/java.lang=ALL-UNNAMED --add-opens=java.base/java.lang.invoke=ALL-UNNAMED --add-opens=java.prefs/java.util.prefs=ALL-UNNAMED -Xmx1024m -Dfile.encoding=windows-1251 -Duser.country=RU -Duser.language=ru -Duser.variant org.gradle.launcher.daemon.bootstrap.GradleDaemon 5.2.1

Host: AMD Phenom(tm) II N830 Triple-Core Processor, 3 cores, 2G,  Windows 7 , 64 bit Build 7601 (6.1.7601.18409)
Time: Fri Mar 22 11:41:31 2019 Iineianeia a?aiy (ceia) elapsed time: 906 seconds (0d 0h 15m 6s)

---------------  T H R E A D  ---------------

Current thread (0x0000000028024000):  JavaThread "ForkJoinPool.commonPool-worker-2" daemon [_thread_in_vm, id=4532, stack(0x000000002f880000,0x000000002f980000)]

Stack: [0x000000002f880000,0x000000002f980000],  sp=0x000000002f97b598,  free space=1005k
Native frames: (J=compiled Java code, j=interpreted, Vv=VM code, C=native code)
V  [jvm.dll+0x485953]

Java frames: (J=compiled Java code, j=interpreted, Vv=VM code)
v  ~RuntimeStub::ic_miss_stub
J 15501 c1 com.android.tools.r8.graph.DexField.collectIndexedItems(Lcom/android/tools/r8/dex/IndexedItemCollection;)V (38 bytes) @ 0x000000000fe89d2c [0x000000000fe89580+0x00000000000007ac]
J 15506 c1 com.android.tools.r8.graph.DexEncodedField.collectIndexedItems(Lcom/android/tools/r8/dex/IndexedItemCollection;)V (32 bytes) @ 0x000000000fe8d054 [0x000000000fe8cfc0+0x0000000000000094]
J 16444 c2 com.android.tools.r8.graph.DexItem.consumeArray([Lcom/android/tools/r8/graph/DexItem;Ljava/util/function/Consumer;)V (45 bytes) @ 0x0000000015b421b8 [0x0000000015b42140+0x0000000000000078]
J 16401 c1 com.android.tools.r8.graph.DexProgramClass.collectIndexedItems(Lcom/android/tools/r8/dex/IndexedItemCollection;)V (190 bytes) @ 0x000000000e7a75c4 [0x000000000e7a7040+0x0000000000000584]
J 16375 c1 com.android.tools.r8.dex.VirtualFile.access$1000(Lcom/android/tools/r8/dex/VirtualFile;Lcom/android/tools/r8/graph/DexProgramClass;)V (6 bytes) @ 0x000000000e3f108c [0x000000000e3f1040+0x000000000000004c]
j  com.android.tools.r8.dex.VirtualFile$MonoDexDistributor.run()Ljava/util/Collection;+34
j  com.android.tools.r8.dex.ApplicationWriter.distribute()Ljava/lang/Iterable;+98
j  com.android.tools.r8.dex.ApplicationWriter.write(Ljava/util/concurrent/ExecutorService;)V+100
j  com.android.tools.r8.D8.run(Lcom/android/tools/r8/utils/AndroidApp;Lcom/android/tools/r8/utils/InternalOptions;Ljava/util/concurrent/ExecutorService;)V+123
j  com.android.tools.r8.D8.lambda$run$1(Lcom/android/tools/r8/utils/AndroidApp;Lcom/android/tools/r8/utils/InternalOptions;Ljava/util/concurrent/ExecutorService;)V+3
j  com.android.tools.r8.D8$$Lambda$632.run()V+12
j  com.android.tools.r8.utils.ExceptionUtils.withCompilationHandler(Lcom/android/tools/r8/utils/Reporter;Lcom/android/tools/r8/utils/ExceptionUtils$CompileAction;Lcom/android/tools/r8/utils/ExceptionUtils$Compiler;)V+1
j  com.android.tools.r8.utils.ExceptionUtils.withD8CompilationHandler(Lcom/android/tools/r8/utils/Reporter;Lcom/android/tools/r8/utils/ExceptionUtils$CompileAction;)V+5
j  com.android.tools.r8.D8.run(Lcom/android/tools/r8/D8Command;Ljava/util/concurrent/ExecutorService;)V+22
j  com.android.builder.dexing.D8DexArchiveMerger.mergeDexArchives(Ljava/lang/Iterable;Ljava/nio/file/Path;Ljava/nio/file/Path;Lcom/android/builder/dexing/DexingType;)V+387
j  com.android.build.gradle.internal.transforms.DexMergerTransformCallable.call()Ljava/lang/Void;+167
j  com.android.build.gradle.internal.transforms.DexMergerTransformCallable.call()Ljava/lang/Object;+1
J 15592 c1 java.util.concurrent.ForkJoinTask$AdaptedCallable.exec()Z java.base@10.0.2 (28 bytes) @ 0x000000000feae9cc [0x000000000feae960+0x000000000000006c]
J 14801 c1 java.util.concurrent.ForkJoinTask.doExec()I java.base@10.0.2 (37 bytes) @ 0x000000000fd32efc [0x000000000fd32e80+0x000000000000007c]
j  java.util.concurrent.ForkJoinPool.runWorker(Ljava/util/concurrent/ForkJoinPool$WorkQueue;)V+219 java.base@10.0.2
j  java.util.concurrent.ForkJoinWorkerThread.run()V+24 java.base@10.0.2
v  ~StubRoutines::call_stub

siginfo: EXCEPTION_ACCESS_VIOLATION (0xc0000005), reading address 0x00000000000001ed


Register to memory mapping:

RIP=0x0000000053015953 jvm.dll
RAX=0x0000000000000006 is an unknown value
RBX=0x0000000024a41438 is an unknown value
RCX=0x000000000000000d is an unknown value
RDX=0x0000000000000006 is an unknown value
RSP=0x000000002f97b598 is pointing into the stack for thread: 0x0000000028024000
RBP=0x0000000028024000 is a thread
RSI=0x000000002f97cba0 is pointing into the stack for thread: 0x0000000028024000
RDI=0x0000000000000006 is an unknown value
R8 =0x0000000080a87690 is pointing into metadata
R9 =0x0000000024a41438 is an unknown value
R10={method} {0x000000002f6ff248} 'collectIndexedItems' '(Lcom/android/tools/r8/dex/IndexedItemCollection;)V' in 'com/android/tools/r8/graph/DexString'
R11=0x0000000000000076 is an unknown value
R12=0x000000000000000d is an unknown value
R13=0x0000000000000001 is an unknown value
R14=0x000000002f97b660 is pointing into the stack for thread: 0x0000000028024000
R15=0x0000000080a87690 is pointing into metadata


Registers:
RAX=0x0000000000000006, RBX=0x0000000024a41438, RCX=0x000000000000000d, RDX=0x0000000000000006
RSP=0x000000002f97b598, RBP=0x0000000028024000, RSI=0x000000002f97cba0, RDI=0x0000000000000006
R8 =0x0000000080a87690, R9 =0x0000000024a41438, R10=0x000000002f6ff240, R11=0x0000000000000076
R12=0x000000000000000d, R13=0x0000000000000001, R14=0x000000002f97b660, R15=0x0000000080a87690
RIP=0x0000000053015953, EFLAGS=0x0000000000010213

Top of Stack: (sp=0x000000002f97b598)
0x000000002f97b598:   00000000530377cc 00000000291e1a01
0x000000002f97b5a8:   0000000000000000 000000002f708108
0x000000002f97b5b8:   0000000028024000 000000002f97b670
0x000000002f97b5c8:   0000000053032f7b 0000f34e124746e5
0x000000002f97b5d8:   0000000028024000 0000000000000000
0x000000002f97b5e8:   0000000000000000 000000002f97cb60
0x000000002f97b5f8:   0000000000000000 000000002f708108
0x000000002f97b608:   0000000000000000 0000000028024000
0x000000002f97b618:   0000000053036071 0000000024a41438
0x000000002f97b628:   000000002f97cba0 0000000080a87690
0x000000002f97b638:   000000000000000d 000000000000000d
0x000000002f97b648:   0000000028c38601 0000000028024000
0x000000002f97b658:   0000000080a88658 000000002f6ff240
0x000000002f97b668:   0000000028024000 000000002943fa30
0x000000002f97b678:   0000000028c38670 0000000080a87690
0x000000002f97b688:   0000000080a88658 0000000000000000 

Instructions: (pc=0x0000000053015953)
0x0000000053015933:   0c 00 ff c3 41 3b 9e bc 00 00 00 7c d0 48 83 c4
0x0000000053015943:   30 41 5e 5f 5e 5b 5d c3 cc cc cc cc cc 48 63 c2
0x0000000053015953:   48 8b 84 c1 b0 01 00 00 c3 cc cc cc cc 48 89 5c
0x0000000053015963:   24 08 48 89 6c 24 10 48 89 74 24 18 48 89 7c 24 



---------------  P R O C E S S  ---------------

Threads class SMR info:
_java_thread_list=0x0000000029936a20, length=41, elements={
0x0000000000467800, 0x0000000022d46000, 0x0000000022d4f800, 0x0000000022d56000,
0x0000000022d57000, 0x0000000022d5a000, 0x0000000022dba000, 0x0000000022dbd800,
0x0000000023b96800, 0x0000000023b9c000, 0x0000000025b8a800, 0x0000000025372800,
0x0000000024f3c000, 0x000000002488a000, 0x000000002488b000, 0x000000002488c000,
0x000000002488f000, 0x0000000027983000, 0x0000000027984000, 0x0000000027985800,
0x00000000285f0000, 0x000000002488c800, 0x000000002488e000, 0x0000000024890800,
0x000000002488f800, 0x000000002488d800, 0x0000000028026800, 0x0000000028027000,
0x0000000028025800, 0x0000000028028000, 0x0000000028021000, 0x0000000028022800,
0x0000000028021800, 0x0000000028023000, 0x00000000285ed000, 0x00000000285ed800,
0x00000000285ec000, 0x00000000285eb800, 0x00000000285ef800, 0x00000000285ea000,
0x0000000028024000
}

Java Threads: ( => current thread )
  0x0000000000467800 JavaThread "main" [_thread_blocked, id=6200, stack(0x0000000002230000,0x0000000002330000)]
  0x0000000022d46000 JavaThread "Reference Handler" daemon [_thread_blocked, id=6652, stack(0x00000000232a0000,0x00000000233a0000)]
  0x0000000022d4f800 JavaThread "Finalizer" daemon [_thread_blocked, id=6612, stack(0x00000000233c0000,0x00000000234c0000)]
  0x0000000022d56000 JavaThread "Signal Dispatcher" daemon [_thread_blocked, id=4912, stack(0x00000000230f0000,0x00000000231f0000)]
  0x0000000022d57000 JavaThread "Attach Listener" daemon [_thread_blocked, id=6100, stack(0x0000000022ec0000,0x0000000022fc0000)]
  0x0000000022d5a000 JavaThread "C2 CompilerThread0" daemon [_thread_blocked, id=6072, stack(0x0000000023520000,0x0000000023620000)]
  0x0000000022dba000 JavaThread "C1 CompilerThread1" daemon [_thread_blocked, id=6404, stack(0x00000000237c0000,0x00000000238c0000)]
  0x0000000022dbd800 JavaThread "Sweeper thread" daemon [_thread_blocked, id=6852, stack(0x00000000239e0000,0x0000000023ae0000)]
  0x0000000023b96800 JavaThread "Common-Cleaner" daemon [_thread_blocked, id=6680, stack(0x0000000023620000,0x0000000023720000)]
  0x0000000023b9c000 JavaThread "Service Thread" daemon [_thread_blocked, id=1932, stack(0x0000000024020000,0x0000000024120000)]
  0x0000000025b8a800 JavaThread "Daemon health stats" [_thread_blocked, id=6736, stack(0x0000000026080000,0x0000000026180000)]
  0x0000000025372800 JavaThread "Incoming local TCP Connector on port 51335" [_thread_in_native, id=6676, stack(0x0000000023f10000,0x0000000024010000)]
  0x0000000024f3c000 JavaThread "Daemon periodic checks" [_thread_blocked, id=6768, stack(0x00000000265d0000,0x00000000266d0000)]
  0x000000002488a000 JavaThread "Cache worker for file hash cache (C:\Gradle\gradle-5.2.1\caches\5.2.1\fileHashes)" [_thread_blocked, id=6068, stack(0x0000000027490000,0x0000000027590000)]
  0x000000002488b000 JavaThread "File lock request listener" [_thread_in_native, id=4744, stack(0x0000000024290000,0x0000000024390000)]
  0x000000002488c000 JavaThread "Cache worker for journal cache (C:\Gradle\gradle-5.2.1\caches\journal-1)" [_thread_blocked, id=3412, stack(0x0000000027700000,0x0000000027800000)]
  0x000000002488f000 JavaThread "Cache worker for execution history cache (C:\Gradle\gradle-5.2.1\caches\5.2.1\executionHistory)" [_thread_blocked, id=3120, stack(0x000000002af70000,0x000000002b070000)]
  0x0000000027983000 JavaThread "Memory manager" [_thread_blocked, id=6444, stack(0x000000002c6d0000,0x000000002c7d0000)]
  0x0000000027984000 JavaThread "Cache worker for file content cache (C:\Gradle\gradle-5.2.1\caches\5.2.1\fileContent)" [_thread_blocked, id=5260, stack(0x000000002ae70000,0x000000002af70000)]
  0x0000000027985800 JavaThread "ForkJoinPool.commonPool-worker-1" daemon [_thread_blocked, id=4648, stack(0x000000002d9a0000,0x000000002daa0000)]
  0x00000000285f0000 JavaThread "Java2D Disposer" daemon [_thread_blocked, id=3376, stack(0x000000002fc80000,0x000000002fd80000)]
  0x000000002488c800 JavaThread "Daemon Thread 4" [_thread_blocked, id=6728, stack(0x0000000026960000,0x0000000026a60000)]
  0x000000002488e000 JavaThread "Handler for socket connection from /127.0.0.1:51335 to /127.0.0.1:51481" [_thread_in_native, id=5192, stack(0x0000000026bd0000,0x0000000026cd0000)]
  0x0000000024890800 JavaThread "Cancel handler" [_thread_blocked, id=4256, stack(0x0000000026e10000,0x0000000026f10000)]
  0x000000002488f800 JavaThread "Daemon worker Thread 4" [_thread_blocked, id=3700, stack(0x0000000026aa0000,0x0000000026ba0000)]
  0x000000002488d800 JavaThread "Asynchronous log dispatcher for DefaultDaemonConnection: socket connection from /127.0.0.1:51335 to /127.0.0.1:51481" [_thread_blocked, id=5768, stack(0x0000000026d00000,0x0000000026e00000)]
  0x0000000028026800 JavaThread "Thread-68" [_thread_blocked, id=7132, stack(0x0000000027590000,0x0000000027690000)]
  0x0000000028027000 JavaThread "Cache worker for file hash cache (D:\Code\Meteorite_Attack\.gradle\5.2.1\fileHashes)" [_thread_blocked, id=6808, stack(0x000000002a9b0000,0x000000002aab0000)]
  0x0000000028025800 JavaThread "Cache worker for cache directory md-supplier (C:\Gradle\gradle-5.2.1\caches\5.2.1\md-supplier)" [_thread_blocked, id=6968, stack(0x0000000026fb0000,0x00000000270b0000)]
  0x0000000028028000 JavaThread "Cache worker for cache directory md-rule (C:\Gradle\gradle-5.2.1\caches\5.2.1\md-rule)" [_thread_blocked, id=552, stack(0x000000002ab50000,0x000000002ac50000)]
  0x0000000028021000 JavaThread "Build operations" [_thread_blocked, id=4612, stack(0x000000002b320000,0x000000002b420000)]
  0x0000000028022800 JavaThread "Build operations Thread 2" [_thread_blocked, id=2044, stack(0x000000002db20000,0x000000002dc20000)]
  0x0000000028021800 JavaThread "Build operations Thread 3" [_thread_blocked, id=7080, stack(0x0000000028810000,0x0000000028910000)]
  0x0000000028023000 JavaThread "Cache worker for Build Output Cleanup Cache (D:\Code\Meteorite_Attack\.gradle\buildOutputCleanup)" [_thread_blocked, id=3332, stack(0x000000002dcd0000,0x000000002ddd0000)]
  0x00000000285ed000 JavaThread "Cache worker for file content cache (D:\Code\Meteorite_Attack\.gradle\5.2.1\fileContent)" [_thread_blocked, id=3540, stack(0x000000002ddf0000,0x000000002def0000)]
  0x00000000285ed800 JavaThread "Execution worker for ':'" [_thread_blocked, id=4112, stack(0x000000002df00000,0x000000002e000000)]
  0x00000000285ec000 JavaThread "Execution worker for ':' Thread 2" [_thread_blocked, id=1936, stack(0x000000002e650000,0x000000002e750000)]
  0x00000000285eb800 JavaThread "Cache worker for execution history cache (D:\Code\Meteorite_Attack\.gradle\5.2.1\executionHistory)" [_thread_blocked, id=1400, stack(0x000000002e870000,0x000000002e970000)]
  0x00000000285ef800 JavaThread "Cache worker for Java compile cache (C:\Gradle\gradle-5.2.1\caches\5.2.1\javaCompile)" [_thread_blocked, id=5616, stack(0x000000002ee90000,0x000000002ef90000)]
  0x00000000285ea000 JavaThread "Cache worker for Java compile cache (D:\Code\Meteorite_Attack\.gradle\5.2.1\javaCompile)" [_thread_blocked, id=6376, stack(0x000000002f2f0000,0x000000002f3f0000)]
=>0x0000000028024000 JavaThread "ForkJoinPool.commonPool-worker-2" daemon [_thread_in_vm, id=4532, stack(0x000000002f880000,0x000000002f980000)]

Other Threads:
  0x0000000022d42800 VMThread "VM Thread" [stack: 0x0000000022ff0000,0x00000000230f0000] [id=6748]
  0x0000000023b9f800 WatcherThread [stack: 0x0000000024180000,0x0000000024280000] [id=5928]
  0x000000000047e000 GCTaskThread "GC Thread#0" [stack: 0x000000001cd70000,0x000000001ce70000] [id=6392]
  0x000000000047f800 GCTaskThread "GC Thread#1" [stack: 0x000000001cc60000,0x000000001cd60000] [id=7108]
  0x0000000000481800 GCTaskThread "GC Thread#2" [stack: 0x000000001cef0000,0x000000001cff0000] [id=5112]
  0x00000000004bc000 ConcurrentGCThread "G1 Main Marker" [stack: 0x000000001fa40000,0x000000001fb40000] [id=5652]
  0x00000000004bd800 ConcurrentGCThread "G1 Conc#0" [stack: 0x000000001fb60000,0x000000001fc60000] [id=328]
  0x00000000004e7800 ConcurrentGCThread "G1 Refine#0" [stack: 0x0000000021fd0000,0x00000000220d0000] [id=6332]
  0x00000000004e9000 ConcurrentGCThread "G1 Refine#1" [stack: 0x0000000021e80000,0x0000000021f80000] [id=6548]
  0x00000000004ea800 ConcurrentGCThread "G1 Refine#2" [stack: 0x00000000220e0000,0x00000000221e0000] [id=6448]
  0x00000000004ef800 ConcurrentGCThread "G1 Young RemSet Sampling" [stack: 0x00000000222c0000,0x00000000223c0000] [id=7104]

Threads with active compile tasks:
C2 CompilerThread016861       4       com.android.tools.r8.dex.DexFileReader::parseDebugInfo (613 bytes)

VM state:synchronizing (normal execution)

VM Mutex/Monitor currently owned by a thread:  ([mutex/lock_event])
[0x00000000004643b0] Threads_lock - owner thread: 0x0000000022d42800

Heap address: 0x00000000c0000000, size: 1024 MB, Compressed Oops mode: 32-bit
Narrow klass base: 0x0000000000000000, Narrow klass shift: 0
Compressed class space size: 1073741824 Address: 0x0000000080000000

Heap:
 garbage-first heap   total 168960K, used 101660K [0x00000000c0000000, 0x0000000100000000)
  region size 1024K, 8 young (8192K), 4 survivors (4096K)
 Metaspace       used 96173K, capacity 98251K, committed 98944K, reserved 1136640K
  class space    used 11095K, capacity 11779K, committed 11904K, reserved 1048576K
Heap Regions: E=young(eden), S=young(survivor), O=old, HS=humongous(starts), HC=humongous(continues), CS=collection set, F=free, A=archive, TS=gc time stamp, AC=allocation context, TAMS=top-at-mark-start (previous, next)
|   0|0x00000000c0000000, 0x00000000c0100000, 0x00000000c0100000|100%|HS|  |TS  0|AC  0|TAMS 0x00000000c0100000, 0x00000000c0100000|
|   1|0x00000000c0100000, 0x00000000c0200000, 0x00000000c0200000|100%| O|  |TS  0|AC  0|TAMS 0x00000000c0200000, 0x00000000c0200000|
|   2|0x00000000c0200000, 0x00000000c0300000, 0x00000000c0300000|100%| O|  |TS  0|AC  0|TAMS 0x00000000c0300000, 0x00000000c0300000|
|   3|0x00000000c0300000, 0x00000000c0400000, 0x00000000c0400000|100%|HS|  |TS  0|AC  0|TAMS 0x00000000c0400000, 0x00000000c0400000|
|   4|0x00000000c0400000, 0x00000000c0500000, 0x00000000c0500000|100%|HC|  |TS  0|AC  0|TAMS 0x00000000c0500000, 0x00000000c0500000|
|   5|0x00000000c0500000, 0x00000000c0600000, 0x00000000c0600000|100%| O|  |TS  0|AC  0|TAMS 0x00000000c0600000, 0x00000000c0600000|
|   6|0x00000000c0600000, 0x00000000c0700000, 0x00000000c0700000|100%| O|  |TS  0|AC  0|TAMS 0x00000000c0700000, 0x00000000c0700000|
|   7|0x00000000c0700000, 0x00000000c0800000, 0x00000000c0800000|100%| O|  |TS  0|AC  0|TAMS 0x00000000c0800000, 0x00000000c0800000|
|   8|0x00000000c0800000, 0x00000000c0900000, 0x00000000c0900000|100%| O|  |TS  0|AC  0|TAMS 0x00000000c0900000, 0x00000000c0900000|
|   9|0x00000000c0900000, 0x00000000c0a00000, 0x00000000c0a00000|100%| O|  |TS  0|AC  0|TAMS 0x00000000c0a00000, 0x00000000c0a00000|
|  10|0x00000000c0a00000, 0x00000000c0b00000, 0x00000000c0b00000|100%| O|  |TS  0|AC  0|TAMS 0x00000000c0b00000, 0x00000000c0b00000|
|  11|0x00000000c0b00000, 0x00000000c0c00000, 0x00000000c0c00000|100%| O|  |TS  0|AC  0|TAMS 0x00000000c0c00000, 0x00000000c0c00000|
|  12|0x00000000c0c00000, 0x00000000c0d00000, 0x00000000c0d00000|100%| O|  |TS  0|AC  0|TAMS 0x00000000c0d00000, 0x00000000c0d00000|
|  13|0x00000000c0d00000, 0x00000000c0e00000, 0x00000000c0e00000|100%| O|  |TS  0|AC  0|TAMS 0x00000000c0e00000, 0x00000000c0e00000|
|  14|0x00000000c0e00000, 0x00000000c0f00000, 0x00000000c0f00000|100%| O|  |TS  0|AC  0|TAMS 0x00000000c0f00000, 0x00000000c0f00000|
|  15|0x00000000c0f00000, 0x00000000c1000000, 0x00000000c1000000|100%|HS|  |TS  0|AC  0|TAMS 0x00000000c1000000, 0x00000000c1000000|
|  16|0x00000000c1000000, 0x00000000c1100000, 0x00000000c1100000|100%|HC|  |TS  0|AC  0|TAMS 0x00000000c1100000, 0x00000000c1100000|
|  17|0x00000000c1100000, 0x00000000c1200000, 0x00000000c1200000|100%|HS|  |TS  0|AC  0|TAMS 0x00000000c1200000, 0x00000000c1200000|
|  18|0x00000000c1200000, 0x00000000c1300000, 0x00000000c1300000|100%|HC|  |TS  0|AC  0|TAMS 0x00000000c1300000, 0x00000000c1300000|
|  19|0x00000000c1300000, 0x00000000c1400000, 0x00000000c1400000|100%|HC|  |TS  0|AC  0|TAMS 0x00000000c1400000, 0x00000000c1400000|
|  20|0x00000000c1400000, 0x00000000c1500000, 0x00000000c1500000|100%|HS|  |TS  0|AC  0|TAMS 0x00000000c1500000, 0x00000000c1500000|
|  21|0x00000000c1500000, 0x00000000c1600000, 0x00000000c1600000|100%|HC|  |TS  0|AC  0|TAMS 0x00000000c1600000, 0x00000000c1600000|
|  22|0x00000000c1600000, 0x00000000c1700000, 0x00000000c1700000|100%| O|  |TS  0|AC  0|TAMS 0x00000000c1700000, 0x00000000c1700000|
|  23|0x00000000c1700000, 0x00000000c1800000, 0x00000000c1800000|100%| O|  |TS  0|AC  0|TAMS 0x00000000c1800000, 0x00000000c1800000|
|  24|0x00000000c1800000, 0x00000000c1900000, 0x00000000c1900000|100%| O|  |TS  0|AC  0|TAMS 0x00000000c1900000, 0x00000000c1900000|
|  25|0x00000000c1900000, 0x00000000c1a00000, 0x00000000c1a00000|100%| O|  |TS  0|AC  0|TAMS 0x00000000c1a00000, 0x00000000c1a00000|
|  26|0x00000000c1a00000, 0x00000000c1b00000, 0x00000000c1b00000|100%| O|  |TS  0|AC  0|TAMS 0x00000000c1b00000, 0x00000000c1b00000|
|  27|0x00000000c1b00000, 0x00000000c1c00000, 0x00000000c1c00000|100%| O|  |TS  0|AC  0|TAMS 0x00000000c1c00000, 0x00000000c1c00000|
|  28|0x00000000c1c00000, 0x00000000c1d00000, 0x00000000c1d00000|100%| O|  |TS  0|AC  0|TAMS 0x00000000c1d00000, 0x00000000c1d00000|
|  29|0x00000000c1d00000, 0x00000000c1e00000, 0x00000000c1e00000|100%| O|  |TS  0|AC  0|TAMS 0x00000000c1e00000, 0x00000000c1e00000|
|  30|0x00000000c1e00000, 0x00000000c1f00000, 0x00000000c1f00000|100%|HS|  |TS  0|AC  0|TAMS 0x00000000c1f00000, 0x00000000c1f00000|
|  31|0x00000000c1f00000, 0x00000000c2000000, 0x00000000c2000000|100%|HC|  |TS  0|AC  0|TAMS 0x00000000c2000000, 0x00000000c2000000|
|  32|0x00000000c2000000, 0x00000000c2100000, 0x00000000c2100000|100%| O|  |TS  0|AC  0|TAMS 0x00000000c2100000, 0x00000000c2100000|
|  33|0x00000000c2100000, 0x00000000c2200000, 0x00000000c2200000|100%| O|  |TS  0|AC  0|TAMS 0x00000000c2200000, 0x00000000c2200000|
|  34|0x00000000c2200000, 0x00000000c2300000, 0x00000000c2300000|100%| O|  |TS  0|AC  0|TAMS 0x00000000c2300000, 0x00000000c2300000|
|  35|0x00000000c2300000, 0x00000000c2400000, 0x00000000c2400000|100%|HS|  |TS  0|AC  0|TAMS 0x00000000c2400000, 0x00000000c2400000|
|  36|0x00000000c2400000, 0x00000000c2500000, 0x00000000c2500000|100%|HC|  |TS  0|AC  0|TAMS 0x00000000c2500000, 0x00000000c2500000|
|  37|0x00000000c2500000, 0x00000000c2600000, 0x00000000c2600000|100%| O|  |TS  0|AC  0|TAMS 0x00000000c2600000, 0x00000000c2600000|
|  38|0x00000000c2600000, 0x00000000c2700000, 0x00000000c2700000|100%| O|  |TS  0|AC  0|TAMS 0x00000000c2700000, 0x00000000c2700000|
|  39|0x00000000c2700000, 0x00000000c2800000, 0x00000000c2800000|100%| O|  |TS  0|AC  0|TAMS 0x00000000c2800000, 0x00000000c2800000|
|  40|0x00000000c2800000, 0x00000000c2900000, 0x00000000c2900000|100%| O|  |TS  0|AC  0|TAMS 0x00000000c2900000, 0x00000000c2900000|
|  41|0x00000000c2900000, 0x00000000c2a00000, 0x00000000c2a00000|100%| O|  |TS  0|AC  0|TAMS 0x00000000c2a00000, 0x00000000c2a00000|
|  42|0x00000000c2a00000, 0x00000000c2b00000, 0x00000000c2b00000|100%| O|  |TS  0|AC  0|TAMS 0x00000000c2b00000, 0x00000000c2b00000|
|  43|0x00000000c2b00000, 0x00000000c2c00000, 0x00000000c2c00000|100%| O|  |TS  0|AC  0|TAMS 0x00000000c2c00000, 0x00000000c2c00000|
|  44|0x00000000c2c00000, 0x00000000c2d00000, 0x00000000c2d00000|100%| O|  |TS  0|AC  0|TAMS 0x00000000c2d00000, 0x00000000c2d00000|
|  45|0x00000000c2d00000, 0x00000000c2e00000, 0x00000000c2e00000|100%| O|  |TS  0|AC  0|TAMS 0x00000000c2e00000, 0x00000000c2e00000|
|  46|0x00000000c2e00000, 0x00000000c2f00000, 0x00000000c2f00000|100%| O|  |TS  0|AC  0|TAMS 0x00000000c2f00000, 0x00000000c2f00000|
|  47|0x00000000c2f00000, 0x00000000c3000000, 0x00000000c3000000|100%| O|  |TS  0|AC  0|TAMS 0x00000000c3000000, 0x00000000c3000000|
|  48|0x00000000c3000000, 0x00000000c3100000, 0x00000000c3100000|100%| O|  |TS  0|AC  0|TAMS 0x00000000c3100000, 0x00000000c3100000|
|  49|0x00000000c3100000, 0x00000000c3100000, 0x00000000c3200000|  0%| F|  |TS  0|AC  0|TAMS 0x00000000c3100000, 0x00000000c3100000|
|  50|0x00000000c3200000, 0x00000000c3300000, 0x00000000c3300000|100%| O|  |TS  0|AC  0|TAMS 0x00000000c3300000, 0x00000000c3300000|
|  51|0x00000000c3300000, 0x00000000c3400000, 0x00000000c3400000|100%| O|  |TS  0|AC  0|TAMS 0x00000000c3400000, 0x00000000c3400000|
|  52|0x00000000c3400000, 0x00000000c3500000, 0x00000000c3500000|100%| O|  |TS  0|AC  0|TAMS 0x00000000c3500000, 0x00000000c3500000|
|  53|0x00000000c3500000, 0x00000000c3600000, 0x00000000c3600000|100%| O|  |TS  0|AC  0|TAMS 0x00000000c3600000, 0x00000000c3600000|
|  54|0x00000000c3600000, 0x00000000c3700000, 0x00000000c3700000|100%| O|  |TS  0|AC  0|TAMS 0x00000000c3700000, 0x00000000c3700000|
|  55|0x00000000c3700000, 0x00000000c3800000, 0x00000000c3800000|100%| O|  |TS  0|AC  0|TAMS 0x00000000c3800000, 0x00000000c3800000|
|  56|0x00000000c3800000, 0x00000000c3900000, 0x00000000c3900000|100%| O|  |TS  0|AC  0|TAMS 0x00000000c3900000, 0x00000000c3900000|
|  57|0x00000000c3900000, 0x00000000c3a00000, 0x00000000c3a00000|100%| O|  |TS  0|AC  0|TAMS 0x00000000c3a00000, 0x00000000c3a00000|
|  58|0x00000000c3a00000, 0x00000000c3a00000, 0x00000000c3b00000|  0%| F|  |TS  0|AC  0|TAMS 0x00000000c3a00000, 0x00000000c3a00000|
|  59|0x00000000c3b00000, 0x00000000c3c00000, 0x00000000c3c00000|100%| O|  |TS  0|AC  0|TAMS 0x00000000c3c00000, 0x00000000c3c00000|
|  60|0x00000000c3c00000, 0x00000000c3c00000, 0x00000000c3d00000|  0%| F|  |TS  0|AC  0|TAMS 0x00000000c3c00000, 0x00000000c3c00000|
|  61|0x00000000c3d00000, 0x00000000c3e00000, 0x00000000c3e00000|100%| O|  |TS  0|AC  0|TAMS 0x00000000c3e00000, 0x00000000c3e00000|
|  62|0x00000000c3e00000, 0x00000000c3f00000, 0x00000000c3f00000|100%| O|  |TS  0|AC  0|TAMS 0x00000000c3f00000, 0x00000000c3f00000|
|  63|0x00000000c3f00000, 0x00000000c4000000, 0x00000000c4000000|100%| O|  |TS  0|AC  0|TAMS 0x00000000c4000000, 0x00000000c4000000|
|  64|0x00000000c4000000, 0x00000000c4100000, 0x00000000c4100000|100%| O|  |TS  0|AC  0|TAMS 0x00000000c4100000, 0x00000000c4100000|
|  65|0x00000000c4100000, 0x00000000c4200000, 0x00000000c4200000|100%| O|  |TS  0|AC  0|TAMS 0x00000000c4200000, 0x00000000c4200000|
|  66|0x00000000c4200000, 0x00000000c4300000, 0x00000000c4300000|100%| O|  |TS  0|AC  0|TAMS 0x00000000c4300000, 0x00000000c4300000|
|  67|0x00000000c4300000, 0x00000000c4300000, 0x00000000c4400000|  0%| F|  |TS  0|AC  0|TAMS 0x00000000c4300000, 0x00000000c4300000|
|  68|0x00000000c4400000, 0x00000000c4500000, 0x00000000c4500000|100%| O|  |TS  0|AC  0|TAMS 0x00000000c4500000, 0x00000000c4500000|
|  69|0x00000000c4500000, 0x00000000c4600000, 0x00000000c4600000|100%| O|  |TS  0|AC  0|TAMS 0x00000000c4600000, 0x00000000c4600000|
|  70|0x00000000c4600000, 0x00000000c4600000, 0x00000000c4700000|  0%| F|  |TS  0|AC  0|TAMS 0x00000000c4600000, 0x00000000c4600000|
|  71|0x00000000c4700000, 0x00000000c4800000, 0x00000000c4800000|100%| O|  |TS  0|AC  0|TAMS 0x00000000c4800000, 0x00000000c4800000|
|  72|0x00000000c4800000, 0x00000000c4900000, 0x00000000c4900000|100%| O|  |TS  0|AC  0|TAMS 0x00000000c4900000, 0x00000000c4900000|
|  73|0x00000000c4900000, 0x00000000c4a00000, 0x00000000c4a00000|100%| O|  |TS  0|AC  0|TAMS 0x00000000c4a00000, 0x00000000c4a00000|
|  74|0x00000000c4a00000, 0x00000000c4a00000, 0x00000000c4b00000|  0%| F|  |TS  0|AC  0|TAMS 0x00000000c4a00000, 0x00000000c4a00000|
|  75|0x00000000c4b00000, 0x00000000c4c00000, 0x00000000c4c00000|100%| O|  |TS  0|AC  0|TAMS 0x00000000c4c00000, 0x00000000c4c00000|
|  76|0x00000000c4c00000, 0x00000000c4c00000, 0x00000000c4d00000|  0%| F|  |TS  0|AC  0|TAMS 0x00000000c4c00000, 0x00000000c4c00000|
|  77|0x00000000c4d00000, 0x00000000c4d00000, 0x00000000c4e00000|  0%| F|  |TS  0|AC  0|TAMS 0x00000000c4d00000, 0x00000000c4d00000|
|  78|0x00000000c4e00000, 0x00000000c4f00000, 0x00000000c4f00000|100%| O|  |TS  0|AC  0|TAMS 0x00000000c4f00000, 0x00000000c4f00000|
|  79|0x00000000c4f00000, 0x00000000c4f00000, 0x00000000c5000000|  0%| F|  |TS  0|AC  0|TAMS 0x00000000c4f00000, 0x00000000c4f00000|
|  80|0x00000000c5000000, 0x00000000c5100000, 0x00000000c5100000|100%| O|  |TS  0|AC  0|TAMS 0x00000000c5100000, 0x00000000c5100000|
|  81|0x00000000c5100000, 0x00000000c5200000, 0x00000000c5200000|100%| O|  |TS  0|AC  0|TAMS 0x00000000c5200000, 0x00000000c5200000|
|  82|0x00000000c5200000, 0x00000000c5300000, 0x00000000c5300000|100%| O|  |TS  0|AC  0|TAMS 0x00000000c5300000, 0x00000000c5300000|
|  83|0x00000000c5300000, 0x00000000c5300000, 0x00000000c5400000|  0%| F|  |TS  0|AC  0|TAMS 0x00000000c5300000, 0x00000000c5300000|
|  84|0x00000000c5400000, 0x00000000c5500000, 0x00000000c5500000|100%| O|  |TS  0|AC  0|TAMS 0x00000000c5500000, 0x00000000c5500000|
|  85|0x00000000c5500000, 0x00000000c5600000, 0x00000000c5600000|100%| O|  |TS  0|AC  0|TAMS 0x00000000c5600000, 0x00000000c5600000|
|  86|0x00000000c5600000, 0x00000000c5700000, 0x00000000c5700000|100%| O|  |TS  0|AC  0|TAMS 0x00000000c5700000, 0x00000000c5700000|
|  87|0x00000000c5700000, 0x00000000c5700000, 0x00000000c5800000|  0%| F|  |TS  0|AC  0|TAMS 0x00000000c5700000, 0x00000000c5700000|
|  88|0x00000000c5800000, 0x00000000c5900000, 0x00000000c5900000|100%| O|  |TS  0|AC  0|TAMS 0x00000000c5900000, 0x00000000c5900000|
|  89|0x00000000c5900000, 0x00000000c5a00000, 0x00000000c5a00000|100%| O|  |TS  0|AC  0|TAMS 0x00000000c5a00000, 0x00000000c5a00000|
|  90|0x00000000c5a00000, 0x00000000c5b00000, 0x00000000c5b00000|100%| O|  |TS  0|AC  0|TAMS 0x00000000c5b00000, 0x00000000c5b00000|
|  91|0x00000000c5b00000, 0x00000000c5c00000, 0x00000000c5c00000|100%| O|  |TS  0|AC  0|TAMS 0x00000000c5c00000, 0x00000000c5c00000|
|  92|0x00000000c5c00000, 0x00000000c5d00000, 0x00000000c5d00000|100%| O|  |TS  0|AC  0|TAMS 0x00000000c5d00000, 0x00000000c5d00000|
|  93|0x00000000c5d00000, 0x00000000c5e00000, 0x00000000c5e00000|100%| O|  |TS  0|AC  0|TAMS 0x00000000c5e00000, 0x00000000c5e00000|
|  94|0x00000000c5e00000, 0x00000000c5f00000, 0x00000000c5f00000|100%| O|  |TS  0|AC  0|TAMS 0x00000000c5f00000, 0x00000000c5f00000|
|  95|0x00000000c5f00000, 0x00000000c6000000, 0x00000000c6000000|100%| O|  |TS  0|AC  0|TAMS 0x00000000c6000000, 0x00000000c6000000|
|  96|0x00000000c6000000, 0x00000000c6000000, 0x00000000c6100000|  0%| F|  |TS  0|AC  0|TAMS 0x00000000c6000000, 0x00000000c6000000|
|  97|0x00000000c6100000, 0x00000000c6100000, 0x00000000c6200000|  0%| F|  |TS  0|AC  0|TAMS 0x00000000c6100000, 0x00000000c6100000|
|  98|0x00000000c6200000, 0x00000000c6200000, 0x00000000c6300000|  0%| F|  |TS  0|AC  0|TAMS 0x00000000c6200000, 0x00000000c6200000|
|  99|0x00000000c6300000, 0x00000000c6347200, 0x00000000c6400000| 27%| O|  |TS  0|AC  0|TAMS 0x00000000c6347200, 0x00000000c6347200|
| 100|0x00000000c6400000, 0x00000000c6400000, 0x00000000c6500000|  0%| F|  |TS  0|AC  0|TAMS 0x00000000c6400000, 0x00000000c6400000|
| 101|0x00000000c6500000, 0x00000000c6600000, 0x00000000c6600000|100%|HS|  |TS  0|AC  0|TAMS 0x00000000c6600000, 0x00000000c6600000|
| 102|0x00000000c6600000, 0x00000000c6700000, 0x00000000c6700000|100%|HC|  |TS  0|AC  0|TAMS 0x00000000c6700000, 0x00000000c6700000|
| 103|0x00000000c6700000, 0x00000000c6700000, 0x00000000c6800000|  0%| F|  |TS  0|AC  0|TAMS 0x00000000c6700000, 0x00000000c6700000|
| 104|0x00000000c6800000, 0x00000000c6800000, 0x00000000c6900000|  0%| F|  |TS  0|AC  0|TAMS 0x00000000c6800000, 0x00000000c6800000|
| 105|0x00000000c6900000, 0x00000000c6a00000, 0x00000000c6a00000|100%| O|  |TS  0|AC  0|TAMS 0x00000000c6a00000, 0x00000000c6a00000|
| 106|0x00000000c6a00000, 0x00000000c6b00000, 0x00000000c6b00000|100%| O|  |TS  0|AC  0|TAMS 0x00000000c6b00000, 0x00000000c6b00000|
| 107|0x00000000c6b00000, 0x00000000c6c00000, 0x00000000c6c00000|100%| O|  |TS  0|AC  0|TAMS 0x00000000c6c00000, 0x00000000c6c00000|
| 108|0x00000000c6c00000, 0x00000000c6d00000, 0x00000000c6d00000|100%| O|  |TS  0|AC  0|TAMS 0x00000000c6d00000, 0x00000000c6d00000|
| 109|0x00000000c6d00000, 0x00000000c6e00000, 0x00000000c6e00000|100%| O|  |TS  0|AC  0|TAMS 0x00000000c6e00000, 0x00000000c6e00000|
| 110|0x00000000c6e00000, 0x00000000c6e00000, 0x00000000c6f00000|  0%| F|  |TS  0|AC  0|TAMS 0x00000000c6e00000, 0x00000000c6e00000|
| 111|0x00000000c6f00000, 0x00000000c6f00000, 0x00000000c7000000|  0%| F|  |TS  0|AC  0|TAMS 0x00000000c6f00000, 0x00000000c6f00000|
| 112|0x00000000c7000000, 0x00000000c7000000, 0x00000000c7100000|  0%| F|  |TS  0|AC  0|TAMS 0x00000000c7000000, 0x00000000c7000000|
| 113|0x00000000c7100000, 0x00000000c7100000, 0x00000000c7200000|  0%| F|  |TS  0|AC  0|TAMS 0x00000000c7100000, 0x00000000c7100000|
| 114|0x00000000c7200000, 0x00000000c7200000, 0x00000000c7300000|  0%| F|  |TS  0|AC  0|TAMS 0x00000000c7200000, 0x00000000c7200000|
| 115|0x00000000c7300000, 0x00000000c7300000, 0x00000000c7400000|  0%| F|  |TS  0|AC  0|TAMS 0x00000000c7300000, 0x00000000c7300000|
| 116|0x00000000c7400000, 0x00000000c7400000, 0x00000000c7500000|  0%| F|  |TS  0|AC  0|TAMS 0x00000000c7400000, 0x00000000c7400000|
| 117|0x00000000c7500000, 0x00000000c7500000, 0x00000000c7600000|  0%| F|  |TS  0|AC  0|TAMS 0x00000000c7500000, 0x00000000c7500000|
| 118|0x00000000c7600000, 0x00000000c7600000, 0x00000000c7700000|  0%| F|  |TS  0|AC  0|TAMS 0x00000000c7600000, 0x00000000c7600000|
| 119|0x00000000c7700000, 0x00000000c7700000, 0x00000000c7800000|  0%| F|  |TS  0|AC  0|TAMS 0x00000000c7700000, 0x00000000c7700000|
| 120|0x00000000c7800000, 0x00000000c7800000, 0x00000000c7900000|  0%| F|  |TS  0|AC  0|TAMS 0x00000000c7800000, 0x00000000c7800000|
| 121|0x00000000c7900000, 0x00000000c7900000, 0x00000000c7a00000|  0%| F|  |TS  0|AC  0|TAMS 0x00000000c7900000, 0x00000000c7900000|
| 122|0x00000000c7a00000, 0x00000000c7a00000, 0x00000000c7b00000|  0%| F|  |TS  0|AC  0|TAMS 0x00000000c7a00000, 0x00000000c7a00000|
| 123|0x00000000c7b00000, 0x00000000c7b00000, 0x00000000c7c00000|  0%| F|  |TS  0|AC  0|TAMS 0x00000000c7b00000, 0x00000000c7b00000|
| 124|0x00000000c7c00000, 0x00000000c7c00000, 0x00000000c7d00000|  0%| F|  |TS  0|AC  0|TAMS 0x00000000c7c00000, 0x00000000c7c00000|
| 125|0x00000000c7d00000, 0x00000000c7d00000, 0x00000000c7e00000|  0%| F|  |TS  0|AC  0|TAMS 0x00000000c7d00000, 0x00000000c7d00000|
| 126|0x00000000c7e00000, 0x00000000c7e00000, 0x00000000c7f00000|  0%| F|  |TS  0|AC  0|TAMS 0x00000000c7e00000, 0x00000000c7e00000|
| 127|0x00000000c7f00000, 0x00000000c7f00000, 0x00000000c8000000|  0%| F|  |TS  0|AC  0|TAMS 0x00000000c7f00000, 0x00000000c7f00000|
| 128|0x00000000c8000000, 0x00000000c8000000, 0x00000000c8100000|  0%| F|  |TS  0|AC  0|TAMS 0x00000000c8000000, 0x00000000c8000000|
| 129|0x00000000c8100000, 0x00000000c8100000, 0x00000000c8200000|  0%| F|  |TS  0|AC  0|TAMS 0x00000000c8100000, 0x00000000c8100000|
| 130|0x00000000c8200000, 0x00000000c8200000, 0x00000000c8300000|  0%| F|  |TS  0|AC  0|TAMS 0x00000000c8200000, 0x00000000c8200000|
| 131|0x00000000c8300000, 0x00000000c8300000, 0x00000000c8400000|  0%| F|  |TS  0|AC  0|TAMS 0x00000000c8300000, 0x00000000c8300000|
| 132|0x00000000c8400000, 0x00000000c8400000, 0x00000000c8500000|  0%| F|  |TS  0|AC  0|TAMS 0x00000000c8400000, 0x00000000c8400000|
| 133|0x00000000c8500000, 0x00000000c8500000, 0x00000000c8600000|  0%| F|  |TS  0|AC  0|TAMS 0x00000000c8500000, 0x00000000c8500000|
| 134|0x00000000c8600000, 0x00000000c8600000, 0x00000000c8700000|  0%| F|  |TS  0|AC  0|TAMS 0x00000000c8600000, 0x00000000c8600000|
| 135|0x00000000c8700000, 0x00000000c8700000, 0x00000000c8800000|  0%| F|  |TS  0|AC  0|TAMS 0x00000000c8700000, 0x00000000c8700000|
| 136|0x00000000c8800000, 0x00000000c8900000, 0x00000000c8900000|100%| S|CS|TS  0|AC  0|TAMS 0x00000000c8800000, 0x00000000c8800000|
| 137|0x00000000c8900000, 0x00000000c8a00000, 0x00000000c8a00000|100%| S|CS|TS  0|AC  0|TAMS 0x00000000c8900000, 0x00000000c8900000|
| 138|0x00000000c8a00000, 0x00000000c8b00000, 0x00000000c8b00000|100%| S|CS|TS  0|AC  0|TAMS 0x00000000c8a00000, 0x00000000c8a00000|
| 139|0x00000000c8b00000, 0x00000000c8c00000, 0x00000000c8c00000|100%| S|CS|TS  0|AC  0|TAMS 0x00000000c8b00000, 0x00000000c8b00000|
| 140|0x00000000c8c00000, 0x00000000c8c00000, 0x00000000c8d00000|  0%| F|  |TS  0|AC  0|TAMS 0x00000000c8c00000, 0x00000000c8c00000|
| 141|0x00000000c8d00000, 0x00000000c8d00000, 0x00000000c8e00000|  0%| F|  |TS  0|AC  0|TAMS 0x00000000c8d00000, 0x00000000c8d00000|
| 142|0x00000000c8e00000, 0x00000000c8e00000, 0x00000000c8f00000|  0%| F|  |TS  0|AC  0|TAMS 0x00000000c8e00000, 0x00000000c8e00000|
| 143|0x00000000c8f00000, 0x00000000c8f00000, 0x00000000c9000000|  0%| F|  |TS  0|AC  0|TAMS 0x00000000c8f00000, 0x00000000c8f00000|
| 144|0x00000000c9000000, 0x00000000c9000000, 0x00000000c9100000|  0%| F|  |TS  0|AC  0|TAMS 0x00000000c9000000, 0x00000000c9000000|
| 145|0x00000000c9100000, 0x00000000c9100000, 0x00000000c9200000|  0%| F|  |TS  0|AC  0|TAMS 0x00000000c9100000, 0x00000000c9100000|
| 146|0x00000000c9200000, 0x00000000c9200000, 0x00000000c9300000|  0%| F|  |TS  0|AC  0|TAMS 0x00000000c9200000, 0x00000000c9200000|
| 147|0x00000000c9300000, 0x00000000c9300000, 0x00000000c9400000|  0%| F|  |TS  0|AC  0|TAMS 0x00000000c9300000, 0x00000000c9300000|
| 148|0x00000000c9400000, 0x00000000c9400000, 0x00000000c9500000|  0%| F|  |TS  0|AC  0|TAMS 0x00000000c9400000, 0x00000000c9400000|
| 149|0x00000000c9500000, 0x00000000c9500000, 0x00000000c9600000|  0%| F|  |TS  0|AC  0|TAMS 0x00000000c9500000, 0x00000000c9500000|
| 150|0x00000000c9600000, 0x00000000c9600000, 0x00000000c9700000|  0%| F|  |TS  0|AC  0|TAMS 0x00000000c9600000, 0x00000000c9600000|
| 151|0x00000000c9700000, 0x00000000c9700000, 0x00000000c9800000|  0%| F|  |TS  0|AC  0|TAMS 0x00000000c9700000, 0x00000000c9700000|
| 152|0x00000000c9800000, 0x00000000c9800000, 0x00000000c9900000|  0%| F|  |TS  0|AC  0|TAMS 0x00000000c9800000, 0x00000000c9800000|
| 153|0x00000000c9900000, 0x00000000c9900000, 0x00000000c9a00000|  0%| F|  |TS  0|AC  0|TAMS 0x00000000c9900000, 0x00000000c9900000|
| 154|0x00000000c9a00000, 0x00000000c9a00000, 0x00000000c9b00000|  0%| F|  |TS  0|AC  0|TAMS 0x00000000c9a00000, 0x00000000c9a00000|
| 155|0x00000000c9b00000, 0x00000000c9b00000, 0x00000000c9c00000|  0%| F|  |TS  0|AC  0|TAMS 0x00000000c9b00000, 0x00000000c9b00000|
| 156|0x00000000c9c00000, 0x00000000c9c00000, 0x00000000c9d00000|  0%| F|  |TS  0|AC  0|TAMS 0x00000000c9c00000, 0x00000000c9c00000|
| 157|0x00000000c9d00000, 0x00000000c9d00000, 0x00000000c9e00000|  0%| F|  |TS  0|AC  0|TAMS 0x00000000c9d00000, 0x00000000c9d00000|
| 158|0x00000000c9e00000, 0x00000000c9e00000, 0x00000000c9f00000|  0%| F|  |TS  0|AC  0|TAMS 0x00000000c9e00000, 0x00000000c9e00000|
| 159|0x00000000c9f00000, 0x00000000c9f00000, 0x00000000ca000000|  0%| F|  |TS  0|AC  0|TAMS 0x00000000c9f00000, 0x00000000c9f00000|
| 160|0x00000000ca000000, 0x00000000ca000000, 0x00000000ca100000|  0%| F|  |TS  0|AC  0|TAMS 0x00000000ca000000, 0x00000000ca000000|
| 161|0x00000000ca100000, 0x00000000ca1851b0, 0x00000000ca200000| 51%| E|  |TS  0|AC  0|TAMS 0x00000000ca100000, 0x00000000ca100000|
| 162|0x00000000ca200000, 0x00000000ca300000, 0x00000000ca300000|100%| E|CS|TS  0|AC  0|TAMS 0x00000000ca200000, 0x00000000ca200000|
| 163|0x00000000ca300000, 0x00000000ca400000, 0x00000000ca400000|100%| E|CS|TS  0|AC  0|TAMS 0x00000000ca300000, 0x00000000ca300000|
| 164|0x00000000ca400000, 0x00000000ca500000, 0x00000000ca500000|100%| E|CS|TS  0|AC  0|TAMS 0x00000000ca400000, 0x00000000ca400000|

Card table byte_map: [0x000000001d520000,0x000000001d720000] byte_map_base: 0x000000001cf20000

Marking Bits (Prev, Next): (CMBitMap*) 0x00000000004bb510, (CMBitMap*) 0x00000000004bb548
 Prev Bits: [0x000000001d920000, 0x000000001e920000)
 Next Bits: [0x000000001e920000, 0x000000001f920000)

Polling page: 0x0000000000300000

CodeHeap 'non-profiled nmethods': size=120064Kb used=8173Kb max_used=8173Kb free=111891Kb
 bounds [0x0000000015630000, 0x0000000015e30000, 0x000000001cb70000]
CodeHeap 'profiled nmethods': size=120000Kb used=32341Kb max_used=32341Kb free=87658Kb
 bounds [0x000000000e100000, 0x00000000100b0000, 0x0000000015630000]
CodeHeap 'non-nmethods': size=5696Kb used=2320Kb max_used=2358Kb free=3375Kb
 bounds [0x000000000db70000, 0x000000000dde0000, 0x000000000e100000]
 total_blobs=21372 nmethods=15137 adapters=899
 compilation: enabled

Compilation events (10 events):
Event: 902.668 Thread 0x0000000022dba000 16906       3       com.android.tools.r8.graph.DexItemFactory::assignSortedIndices (68 bytes)
Event: 902.670 Thread 0x0000000022dba000 nmethod 16906 0x00000000100ab990 code [0x00000000100abc00, 0x00000000100ac9b8]
Event: 902.723 Thread 0x0000000022d5a000 nmethod 16872 0x0000000015e23890 code [0x0000000015e23cc0, 0x0000000015e27d50]
Event: 902.723 Thread 0x0000000022d5a000 16861       4       com.android.tools.r8.dex.DexFileReader::parseDebugInfo (613 bytes)
Event: 902.766 Thread 0x0000000022dba000 16908       2       com.android.tools.r8.graph.DexValue$DexValueNull::sort (5 bytes)
Event: 902.766 Thread 0x0000000022dba000 nmethod 16908 0x00000000100ace10 code [0x00000000100acfc0, 0x00000000100ad110]
Event: 902.792 Thread 0x0000000022dba000 16909       2       com.android.tools.r8.code.FloatToInt::collectIndexedItems (6 bytes)
Event: 902.792 Thread 0x0000000022dba000 nmethod 16909 0x00000000100ad190 code [0x00000000100ad340, 0x00000000100ad490]
Event: 902.805 Thread 0x0000000022dba000 16915       1       com.android.tools.r8.code.Format22b::collectIndexedItems (1 bytes)
Event: 902.805 Thread 0x0000000022dba000 nmethod 16915 0x0000000015e2ba90 code [0x0000000015e2bc40, 0x0000000015e2bd50]

GC Heap History (10 events):
Event: 898.624 GC heap before
{Heap before GC invocations=171 (full 0):
 garbage-first heap   total 140288K, used 112715K [0x00000000c0000000, 0x0000000100000000)
  region size 1024K, 28 young (28672K), 1 survivors (1024K)
 Metaspace       used 95988K, capacity 98045K, committed 98688K, reserved 1136640K
  class space    used 11106K, capacity 11802K, committed 11904K, reserved 1048576K
}
Event: 898.690 GC heap after
{Heap after GC invocations=172 (full 0):
 garbage-first heap   total 140288K, used 97376K [0x00000000c0000000, 0x0000000100000000)
  region size 1024K, 4 young (4096K), 4 survivors (4096K)
 Metaspace       used 95988K, capacity 98045K, committed 98688K, reserved 1136640K
  class space    used 11106K, capacity 11802K, committed 11904K, reserved 1048576K
}
Event: 898.867 GC heap before
{Heap before GC invocations=172 (full 0):
 garbage-first heap   total 140288K, used 112736K [0x00000000c0000000, 0x0000000100000000)
  region size 1024K, 19 young (19456K), 4 survivors (4096K)
 Metaspace       used 96011K, capacity 98111K, committed 98688K, reserved 1136640K
  class space    used 11106K, capacity 11802K, committed 11904K, reserved 1048576K
}
Event: 898.909 GC heap after
{Heap after GC invocations=173 (full 0):
 garbage-first heap   total 140288K, used 101376K [0x00000000c0000000, 0x0000000100000000)
  region size 1024K, 3 young (3072K), 3 survivors (3072K)
 Metaspace       used 96011K, capacity 98111K, committed 98688K, reserved 1136640K
  class space    used 11106K, capacity 11802K, committed 11904K, reserved 1048576K
}
Event: 900.908 GC heap before
{Heap before GC invocations=174 (full 0):
 garbage-first heap   total 140288K, used 119808K [0x00000000c0000000, 0x0000000100000000)
  region size 1024K, 17 young (17408K), 3 survivors (3072K)
 Metaspace       used 96113K, capacity 98125K, committed 98688K, reserved 1136640K
  class space    used 11095K, capacity 11780K, committed 11904K, reserved 1048576K
}
Event: 900.948 GC heap after
{Heap after GC invocations=175 (full 0):
 garbage-first heap   total 140288K, used 103857K [0x00000000c0000000, 0x0000000100000000)
  region size 1024K, 2 young (2048K), 2 survivors (2048K)
 Metaspace       used 96113K, capacity 98125K, committed 98688K, reserved 1136640K
  class space    used 11095K, capacity 11780K, committed 11904K, reserved 1048576K
}
Event: 900.986 GC heap before
{Heap before GC invocations=175 (full 0):
 garbage-first heap   total 140288K, used 112049K [0x00000000c0000000, 0x0000000100000000)
  region size 1024K, 6 young (6144K), 2 survivors (2048K)
 Metaspace       used 96117K, capacity 98125K, committed 98688K, reserved 1136640K
  class space    used 11095K, capacity 11780K, committed 11904K, reserved 1048576K
}
Event: 901.105 GC heap after
{Heap after GC invocations=176 (full 0):
 garbage-first heap   total 168960K, used 100347K [0x00000000c0000000, 0x0000000100000000)
  region size 1024K, 1 young (1024K), 1 survivors (1024K)
 Metaspace       used 96117K, capacity 98125K, committed 98688K, reserved 1136640K
  class space    used 11095K, capacity 11780K, committed 11904K, reserved 1048576K
}
Event: 901.588 GC heap before
{Heap before GC invocations=176 (full 0):
 garbage-first heap   total 168960K, used 125947K [0x00000000c0000000, 0x0000000100000000)
  region size 1024K, 26 young (26624K), 1 survivors (1024K)
 Metaspace       used 96171K, capacity 98253K, committed 98944K, reserved 1136640K
  class space    used 11095K, capacity 11780K, committed 11904K, reserved 1048576K
}
Event: 902.021 GC heap after
{Heap after GC invocations=177 (full 0):
 garbage-first heap   total 168960K, used 114972K [0x00000000c0000000, 0x0000000100000000)
  region size 1024K, 4 young (4096K), 4 survivors (4096K)
 Metaspace       used 96171K, capacity 98253K, committed 98944K, reserved 1136640K
  class space    used 11095K, capacity 11780K, committed 11904K, reserved 1048576K
}

Deoptimization events (10 events):
Event: 898.380 Thread 0x000000002488f800 Uncommon trap: reason=bimorphic_or_optimized_type_check action=maybe_recompile pc=0x0000000015dd1db8 method=java.util.Map.computeIfAbsent(Ljava/lang/Object;Ljava/util/function/Function;)Ljava/lang/Object; @ 7 c2
Event: 898.717 Thread 0x000000002488f800 Uncommon trap: reason=unstable_if action=reinterpret pc=0x0000000015767440 method=java.util.Objects.equals(Ljava/lang/Object;Ljava/lang/Object;)Z @ 6 c2
Event: 899.275 Thread 0x000000002488f800 Uncommon trap: reason=unstable_if action=reinterpret pc=0x0000000015da3674 method=com.android.tools.r8.dex.DexOutputBuffer.ensureSpaceFor(I)V @ 8 c2
Event: 899.489 Thread 0x000000002488f800 Uncommon trap: reason=unstable_if action=reinterpret pc=0x0000000015dbbfc0 method=java.lang.Long.numberOfLeadingZeros(J)I @ 18 c2
Event: 900.382 Thread 0x000000002488f800 Uncommon trap: reason=class_check action=maybe_recompile pc=0x00000000157113b4 method=org.gradle.internal.snapshot.impl.AbstractScalarValueSnapshot.equals(Ljava/lang/Object;)Z @ 37 c2
Event: 900.423 Thread 0x000000002488f800 Uncommon trap: reason=unstable_if action=reinterpret pc=0x0000000015cfdaf8 method=org.gradle.internal.snapshot.impl.DirectorySnapshotter$1.visitFile(Ljava/nio/file/Path;Ljava/nio/file/attribute/BasicFileAttributes;)Ljava/nio/file/FileVisitResult; @ 37 c2
Event: 901.189 Thread 0x0000000028024000 Uncommon trap: reason=unloaded action=reinterpret pc=0x0000000015dd9e78 method=com.android.tools.r8.code.BaseInstructionFactory.create(IILcom/android/tools/r8/code/BytecodeStream;Lcom/android/tools/r8/graph/OffsetToObjectMapping;)Lcom/android/tools/r8/cod
Event: 901.251 Thread 0x0000000027985800 Uncommon trap: reason=unstable_if action=reinterpret pc=0x0000000015e0fe70 method=java.lang.StrictMath.floorOrCeil(DDDD)D @ 115 c2
Event: 901.256 Thread 0x0000000027985800 Uncommon trap: reason=unstable_if action=reinterpret pc=0x0000000015e1ee30 method=java.lang.StrictMath.floorOrCeil(DDDD)D @ 115 c2
Event: 901.259 Thread 0x0000000027985800 Uncommon trap: reason=unstable_if action=reinterpret pc=0x0000000015dea568 method=java.lang.StrictMath.floorOrCeil(DDDD)D @ 115 c2

Classes redefined (0 events):
No events

Internal exceptions (10 events):
Event: 895.297 Thread 0x0000000028024000 Exception <a 'sun/nio/fs/WindowsException'{0x00000000c85475a8}> (0x00000000c85475a8) thrown at [t:/workspace/open/src/hotspot/share/prims/jni.cpp, line 611]
Event: 895.300 Thread 0x0000000028024000 Exception <a 'sun/nio/fs/WindowsException'{0x00000000c854e3f0}> (0x00000000c854e3f0) thrown at [t:/workspace/open/src/hotspot/share/prims/jni.cpp, line 611]
Event: 895.303 Thread 0x0000000028024000 Exception <a 'sun/nio/fs/WindowsException'{0x00000000c8553ab8}> (0x00000000c8553ab8) thrown at [t:/workspace/open/src/hotspot/share/prims/jni.cpp, line 611]
Event: 895.305 Thread 0x0000000028024000 Exception <a 'sun/nio/fs/WindowsException'{0x00000000c855a328}> (0x00000000c855a328) thrown at [t:/workspace/open/src/hotspot/share/prims/jni.cpp, line 611]
Event: 895.312 Thread 0x0000000027985800 Exception <a 'sun/nio/fs/WindowsException'{0x00000000c8489750}> (0x00000000c8489750) thrown at [t:/workspace/open/src/hotspot/share/prims/jni.cpp, line 611]
Event: 895.984 Thread 0x000000002488f800 Exception <a 'sun/nio/fs/WindowsException'{0x00000000c796ef60}> (0x00000000c796ef60) thrown at [t:/workspace/open/src/hotspot/share/prims/jni.cpp, line 611]
Event: 896.540 Thread 0x0000000028024000 Implicit null exception at 0x000000001574e44f to 0x000000001574e542
Event: 896.540 Thread 0x0000000027985800 Implicit null exception at 0x000000001574e44f to 0x000000001574e542
Event: 899.610 Thread 0x000000002488f800 Exception <a 'sun/nio/fs/WindowsException'{0x00000000c81e1148}> (0x00000000c81e1148) thrown at [t:/workspace/open/src/hotspot/share/prims/jni.cpp, line 611]
Event: 900.895 Thread 0x0000000028024000 Exception <a 'sun/nio/fs/WindowsException'{0x00000000c7d57858}> (0x00000000c7d57858) thrown at [t:/workspace/open/src/hotspot/share/prims/jni.cpp, line 611]

Events (10 events):
Event: 902.731 Thread 0x0000000028024000 DEOPT PACKING pc=0x000000000f01b948 sp=0x000000002f97e9e0
Event: 902.731 Thread 0x0000000028024000 DEOPT UNPACKING pc=0x000000000db961b7 sp=0x000000002f97dec8 mode 0
Event: 902.737 Thread 0x0000000028024000 DEOPT PACKING pc=0x000000000f01b948 sp=0x000000002f97e9e0
Event: 902.737 Thread 0x0000000028024000 DEOPT UNPACKING pc=0x000000000db961b7 sp=0x000000002f97dec8 mode 0
Event: 902.739 Thread 0x0000000028024000 DEOPT PACKING pc=0x000000000f01b948 sp=0x000000002f97e9e0
Event: 902.739 Thread 0x0000000028024000 DEOPT UNPACKING pc=0x000000000db961b7 sp=0x000000002f97dec8 mode 0
Event: 902.743 Thread 0x0000000028024000 DEOPT PACKING pc=0x000000000f01b948 sp=0x000000002f97e9e0
Event: 902.743 Thread 0x0000000028024000 DEOPT UNPACKING pc=0x000000000db961b7 sp=0x000000002f97dec8 mode 0
Event: 902.746 Thread 0x0000000028024000 DEOPT PACKING pc=0x000000000f01b948 sp=0x000000002f97e9e0
Event: 902.746 Thread 0x0000000028024000 DEOPT UNPACKING pc=0x000000000db961b7 sp=0x000000002f97dec8 mode 0


Dynamic libraries:
0x000000013fb80000 - 0x000000013fbbe000 	C:\Program Files\Java\jdk-10.0.2\bin\java.exe
0x0000000076e10000 - 0x0000000076fb9000 	C:\Windows\SYSTEM32\ntdll.dll
0x0000000076bf0000 - 0x0000000076d0f000 	C:\Windows\system32\kernel32.dll
0x000007fefd050000 - 0x000007fefd0bc000 	C:\Windows\system32\KERNELBASE.dll
0x000007fefd670000 - 0x000007fefd74b000 	C:\Windows\system32\ADVAPI32.dll
0x000007fefef00000 - 0x000007fefef9f000 	C:\Windows\system32\msvcrt.dll
0x000007fefd230000 - 0x000007fefd24f000 	C:\Windows\SYSTEM32\sechost.dll
0x000007fefefa0000 - 0x000007feff0cd000 	C:\Windows\system32\RPCRT4.dll
0x0000000076d10000 - 0x0000000076e0a000 	C:\Windows\system32\USER32.dll
0x000007fefd7a0000 - 0x000007fefd807000 	C:\Windows\system32\GDI32.dll
0x000007feff0e0000 - 0x000007feff0ee000 	C:\Windows\system32\LPK.dll
0x000007fefe7b0000 - 0x000007fefe879000 	C:\Windows\system32\USP10.dll
0x000007fefb470000 - 0x000007fefb664000 	C:\Windows\WinSxS\amd64_microsoft.windows.common-controls_6595b64144ccf1df_6.0.7601.17514_none_fa396087175ac9ac\COMCTL32.dll
0x000007fefd5f0000 - 0x000007fefd661000 	C:\Windows\system32\SHLWAPI.dll
0x000007fefbe40000 - 0x000007fefbe4c000 	C:\Windows\system32\VERSION.dll
0x000007fefe880000 - 0x000007fefe8ae000 	C:\Windows\system32\IMM32.DLL
0x000007fefead0000 - 0x000007fefebd9000 	C:\Windows\system32\MSCTF.dll
0x000007fee9120000 - 0x000007fee920f000 	C:\Program Files\Java\jdk-10.0.2\bin\msvcr120.dll
0x000007feeb0d0000 - 0x000007feeb176000 	C:\Program Files\Java\jdk-10.0.2\bin\msvcp120.dll
0x0000000052b90000 - 0x0000000053600000 	C:\Program Files\Java\jdk-10.0.2\bin\server\jvm.dll
0x000007fef2240000 - 0x000007fef2249000 	C:\Windows\system32\WSOCK32.dll
0x000007fefd750000 - 0x000007fefd79d000 	C:\Windows\system32\WS2_32.dll
0x000007feff0d0000 - 0x000007feff0d8000 	C:\Windows\system32\NSI.dll
0x000007fefada0000 - 0x000007fefaddb000 	C:\Windows\system32\WINMM.dll
0x0000000076fe0000 - 0x0000000076fe7000 	C:\Windows\system32\PSAPI.DLL
0x000007fefab10000 - 0x000007fefab1f000 	C:\Program Files\Java\jdk-10.0.2\bin\verify.dll
0x000007fef7a00000 - 0x000007fef7b25000 	C:\Windows\system32\DBGHELP.DLL
0x000007fefaae0000 - 0x000007fefab07000 	C:\Program Files\Java\jdk-10.0.2\bin\java.dll
0x000007fefaac0000 - 0x000007fefaad6000 	C:\Program Files\Java\jdk-10.0.2\bin\zip.dll
0x000007fefaab0000 - 0x000007fefaaba000 	C:\Program Files\Java\jdk-10.0.2\bin\jimage.dll
0x000007fefd810000 - 0x000007fefe598000 	C:\Windows\system32\SHELL32.dll
0x000007fefe5a0000 - 0x000007fefe7a3000 	C:\Windows\system32\ole32.dll
0x000007fefcd30000 - 0x000007fefcd3f000 	C:\Windows\system32\profapi.dll
0x000007fefaa90000 - 0x000007fefaaaa000 	C:\Program Files\Java\jdk-10.0.2\bin\net.dll
0x000007fef8ce0000 - 0x000007fef8d51000 	C:\Windows\system32\WINHTTP.dll
0x000007fef8c70000 - 0x000007fef8cd4000 	C:\Windows\system32\webio.dll
0x000007fefc5a0000 - 0x000007fefc5f5000 	C:\Windows\system32\mswsock.dll
0x000007fefc590000 - 0x000007fefc597000 	C:\Windows\System32\wship6.dll
0x000007fefaa70000 - 0x000007fefaa81000 	C:\Program Files\Java\jdk-10.0.2\bin\nio.dll
0x000007fef7870000 - 0x000007fef7896000 	C:\Gradle\gradle-5.2.1\native\28\windows-amd64\native-platform.dll
0x000007fef6260000 - 0x000007fef6263000 	C:\Windows\system32\api-ms-win-core-synch-l1-2-0.DLL
0x000007fefaa10000 - 0x000007fefaa19000 	C:\Program Files\Java\jdk-10.0.2\bin\management.dll
0x000007fefaa00000 - 0x000007fefaa0a000 	C:\Program Files\Java\jdk-10.0.2\bin\management_ext.dll
0x000007fefc600000 - 0x000007fefc617000 	C:\Windows\system32\CRYPTSP.dll
0x000007fefc300000 - 0x000007fefc347000 	C:\Windows\system32\rsaenh.dll
0x000007fefc070000 - 0x000007fefc08e000 	C:\Windows\system32\USERENV.dll
0x000007fefcc60000 - 0x000007fefcc6f000 	C:\Windows\system32\CRYPTBASE.dll
0x000007fefa440000 - 0x000007fefa467000 	C:\Windows\system32\IPHLPAPI.DLL
0x000007fefa420000 - 0x000007fefa42b000 	C:\Windows\system32\WINNSI.DLL
0x000007fefa230000 - 0x000007fefa241000 	C:\Windows\system32\dhcpcsvc6.DLL
0x000007fefa110000 - 0x000007fefa128000 	C:\Windows\system32\dhcpcsvc.DLL
0x000007fefcc00000 - 0x000007fefcc57000 	C:\Windows\system32\apphelp.dll
0x000007fee7130000 - 0x000007fee72cb000 	C:\Program Files\Java\jdk-10.0.2\bin\awt.dll
0x000007fefd510000 - 0x000007fefd5e7000 	C:\Windows\system32\OLEAUT32.dll
0x000007feeac10000 - 0x000007feeacf2000 	C:\Windows\system32\d2d1.dll
0x000007fefafe0000 - 0x000007fefaff8000 	C:\Windows\system32\DWMAPI.DLL

dbghelp: loaded successfully - version: 4.0.5 - missing functions: none
symbol engine: initialized successfully - sym options: 0x614 - pdb path: .;C:\Program Files\Java\jdk-10.0.2\bin;C:\Windows\SYSTEM32;C:\Windows\WinSxS\amd64_microsoft.windows.common-controls_6595b64144ccf1df_6.0.7601.17514_none_fa396087175ac9ac;C:\Program Files\Java\jdk-10.0.2\bin\server;C:\Gradle\gradle-5.2.1\native\28\windows-amd64

VM Arguments:
jvm_args: --add-opens=java.base/java.util=ALL-UNNAMED --add-opens=java.base/java.lang=ALL-UNNAMED --add-opens=java.base/java.lang.invoke=ALL-UNNAMED --add-opens=java.prefs/java.util.prefs=ALL-UNNAMED -Xmx1024m -Dfile.encoding=windows-1251 -Duser.country=RU -Duser.language=ru -Duser.variant 
java_command: org.gradle.launcher.daemon.bootstrap.GradleDaemon 5.2.1
java_class_path (initial): C:\Gradle\gradle-5.2.1\lib\gradle-launcher-5.2.1.jar
Launcher Type: SUN_STANDARD

Logging:
Log output configuration:
#0: stdout all=warning uptime,level,tags
#1: stderr all=off uptime,level,tags

Environment Variables:
PATH=C:\Program Files (x86)\Common Files\Intel\Shared Libraries\redist\ia32\compiler;C:\Program Files (x86)\Common Files\Intel\Shared Libraries\redist\intel64\compiler;C:\Program Files (x86)\Common Files\Oracle\Java\javapath;C:\Windows\system32;C:\Windows;C:\Windows\System32\Wbem;C:\Windows\System32\WindowsPowerShell\v1.0\;C:\Program Files (x86)\ATI Technologies\ATI.ACE\Core-Static;C:\Program Files\dotnet\;C:\Program Files\Microsoft SQL Server\130\Tools\Binn\;C:\Program Files\Git\cmd;C:\Gradle\bin;C:\intelFPGA\18.1\modelsim_ase\win32aloem
USERNAME=Andrey
OS=Windows_NT
PROCESSOR_IDENTIFIER=AMD64 Family 16 Model 5 Stepping 3, AuthenticAMD



---------------  S Y S T E M  ---------------

OS: Windows 7 , 64 bit Build 7601 (6.1.7601.18409)

CPU:total 3 (initial active 3) (3 cores per cpu, 1 threads per core) family 16 model 5 stepping 3, cmov, cx8, fxsr, mmx, sse, sse2, sse3, popcnt, mmxext, 3dnowpref, lzcnt, sse4a, tsc, tscinvbit, tscinv

Memory: 4k page, physical 2878364k(87680k free), swap 5798140k(453452k free)

vm_info: Java HotSpot(TM) 64-Bit Server VM (10.0.2+13) for windows-amd64 JRE (10.0.2+13), built on Jun 28 2018 01:57:56 by "mach5one" with MS VC++ 12.0 (VS2013)

END.
